<?xml version="1.0" encoding="UTF-8"?>
<!-- Generated by org.testng.reporters.JUnitReportReporter -->
<testsuite hostname="DESKTOP-T5HLTIE" failures="0" tests="1" name="com.test.TestingBasic.AppTestTest" time="0.024" errors="0" timestamp="2021-02-13T12:50:39 IST" skipped="0">
  <testcase classname="com.test.TestingBasic.AppTestTest" name="f" time="0.024"/>
  <system-out/>
</testsuite> <!-- com.test.TestingBasic.AppTestTest -->
