<?xml version="1.0" encoding="UTF-8"?>
<!-- Generated by org.testng.reporters.JUnitReportReporter -->
<testsuite hostname="WL-JC8T9C3" failures="0" tests="1" name="com.qa.scenarios.TC01" time="11.221" errors="0" timestamp="2021-12-23T23:35:27 IST" skipped="0">
  <testcase classname="com.qa.scenarios.TC01" name="cartTest" time="11.221"/>
  <system-out/>
</testsuite> <!-- com.qa.scenarios.TC01 -->
