<?xml version="1.0" encoding="UTF-8"?>
<!-- Generated by org.testng.reporters.JUnitReportReporter -->
<testsuite hostname="DESKTOP-T5HLTIE" failures="0" tests="1" name="com.test.actions.ScreenShotTest" time="28.439" errors="0" timestamp="2021-04-07T08:00:16 IST" skipped="0">
  <testcase classname="com.test.actions.ScreenShotTest" name="alertAction" time="28.439"/>
  <system-out/>
</testsuite> <!-- com.test.actions.ScreenShotTest -->
