<?xml version="1.0" encoding="UTF-8"?>
<!-- Generated by org.testng.reporters.JUnitReportReporter -->
<testsuite hostname="WL-JC8T9C3" failures="0" tests="3" name="com.line.qatest.HomePageTest" time="45.677" errors="0" timestamp="2022-01-09T22:25:30 IST" skipped="0">
  <testcase classname="com.line.qatest.HomePageTest" name="adminMenuTest" time="14.683"/>
  <system-out/>
  <testcase classname="com.line.qatest.HomePageTest" name="pimMenuTest" time="15.476"/>
  <system-out/>
  <testcase classname="com.line.qatest.HomePageTest" name="leaveMenuTest" time="15.518"/>
  <system-out/>
</testsuite> <!-- com.line.qatest.HomePageTest -->
