<?xml version="1.0" encoding="UTF-8"?>
<!-- Generated by org.testng.reporters.JUnitReportReporter -->
<testsuite hostname="DESKTOP-T5HLTIE" failures="0" tests="1" name="com.test.actions.ActionClassEx" time="11.053" errors="0" timestamp="2021-04-01T02:54:32 IST" skipped="0">
  <testcase classname="com.test.actions.ActionClassEx" name="AmazonSignin" time="11.053"/>
  <system-out/>
</testsuite> <!-- com.test.actions.ActionClassEx -->
