<?xml version="1.0" encoding="UTF-8"?>
<!-- Generated by org.testng.reporters.JUnitReportReporter -->
<testsuite hostname="DESKTOP-T5HLTIE" failures="0" tests="1" name="com.happyslearning.e2e.Guru99.telecom.pages.AddTariffPlanToCustomerPageTest" time="35.054" errors="0" timestamp="2022-01-29T18:56:25 IST" skipped="0">
  <testcase classname="com.happyslearning.e2e.Guru99.telecom.pages.AddTariffPlanToCustomerPageTest" name="addTariffPlanToCustomerTest" time="35.054"/>
  <system-out/>
</testsuite> <!-- com.happyslearning.e2e.Guru99.telecom.pages.AddTariffPlanToCustomerPageTest -->
