<?xml version="1.0" encoding="UTF-8"?>
<!-- Generated by org.testng.reporters.JUnitReportReporter -->
<testsuite hostname="DESKTOP-T5HLTIE" failures="0" tests="1" name="com.happyslearning.e2e.Guru99.telecom.pages.PayBillingPageTest" time="13.804" errors="0" timestamp="2022-01-23T19:38:12 IST" skipped="0">
  <testcase classname="com.happyslearning.e2e.Guru99.telecom.pages.PayBillingPageTest" name="addTariffPlanToCustomerTest" time="13.804"/>
  <system-out/>
</testsuite> <!-- com.happyslearning.e2e.Guru99.telecom.pages.PayBillingPageTest -->
