<?xml version="1.0" encoding="UTF-8"?>
<!-- Generated by org.testng.reporters.JUnitReportReporter -->
<testsuite hostname="DESKTOP-T5HLTIE" failures="0" tests="1" name="com.test.actions.ActionClassUsageInKSRTC" time="11.683" errors="0" timestamp="2021-04-04T00:29:24 IST" skipped="0">
  <testcase classname="com.test.actions.ActionClassUsageInKSRTC" name="ksrtc" time="11.683"/>
  <system-out/>
</testsuite> <!-- com.test.actions.ActionClassUsageInKSRTC -->
