<?xml version="1.0" encoding="UTF-8"?>
<!-- Generated by org.testng.reporters.JUnitReportReporter -->
<testsuite hostname="DESKTOP-T5HLTIE" failures="0" tests="1" name="com.test.actions.HandlingSSL" time="9.341" errors="0" timestamp="2021-04-07T07:20:53 IST" skipped="0">
  <testcase classname="com.test.actions.HandlingSSL" name="mOne" time="9.341"/>
  <system-out/>
</testsuite> <!-- com.test.actions.HandlingSSL -->
