<?xml version="1.0" encoding="UTF-8"?>
<!-- Generated by org.testng.reporters.JUnitReportReporter -->
<testsuite hostname="WL-JC8T9C3" failures="0" tests="2" name="com.qa.MyInfoCheckTest" time="23.495" errors="0" timestamp="2021-12-22T12:11:25 IST" skipped="0">
  <testcase classname="com.qa.MyInfoCheckTest" name="login" time="10.092"/>
  <system-out/>
  <testcase classname="com.qa.MyInfoCheckTest" name="myinfo" time="13.403"/>
  <system-out/>
</testsuite> <!-- com.qa.MyInfoCheckTest -->
