<?xml version="1.0" encoding="UTF-8"?>
<!-- Generated by org.testng.reporters.JUnitReportReporter -->
<testsuite hostname="WL-JC8T9C3" failures="0" tests="1" name="com.qa.OrangeHrmLogin" time="56.880" errors="0" timestamp="2021-12-22T11:54:26 IST" skipped="0">
  <testcase classname="com.qa.OrangeHrmLogin" name="login" time="56.880"/>
  <system-out/>
</testsuite> <!-- com.qa.OrangeHrmLogin -->
