<?xml version="1.0" encoding="UTF-8"?>
<!-- Generated by org.testng.reporters.JUnitReportReporter -->
<testsuite hostname="DESKTOP-T5HLTIE" failures="0" tests="1" name="com.test.actions.AmzanTest" time="9.611" errors="0" timestamp="2021-04-04T00:51:28 IST" skipped="0">
  <testcase classname="com.test.actions.AmzanTest" name="AmazonSignin" time="9.611"/>
  <system-out/>
</testsuite> <!-- com.test.actions.AmzanTest -->
