<?xml version="1.0" encoding="UTF-8"?>
<!-- Generated by org.testng.reporters.JUnitReportReporter -->
<testsuite hostname="DESKTOP-T5HLTIE" failures="0" tests="1" name="com.happyslearning.e2e.Guru99.telecom.pages.AddCustomerPageTest" time="35.909" errors="0" timestamp="2022-01-23T19:38:12 IST" skipped="0">
  <testcase classname="com.happyslearning.e2e.Guru99.telecom.pages.AddCustomerPageTest" name="addCustomerActionTest" time="35.909"/>
  <system-out/>
</testsuite> <!-- com.happyslearning.e2e.Guru99.telecom.pages.AddCustomerPageTest -->
