<?xml version="1.0" encoding="UTF-8"?>
<!-- Generated by org.testng.reporters.JUnitReportReporter -->
<testsuite hostname="DESKTOP-T5HLTIE" failures="0" tests="1" name="com.test.actions.FullPageScreenShotTest" time="18.639" errors="0" timestamp="2021-04-07T08:31:57 IST" skipped="0">
  <testcase classname="com.test.actions.FullPageScreenShotTest" name="alertAction" time="18.639"/>
  <system-out/>
</testsuite> <!-- com.test.actions.FullPageScreenShotTest -->
