<?xml version="1.0" encoding="UTF-8"?>
<!-- Generated by org.testng.reporters.JUnitReportReporter -->
<testsuite hostname="WL-JC8T9C3" failures="0" tests="1" name="com.line.qatest.LoginTest" time="13.757" errors="0" timestamp="2022-01-09T22:25:30 IST" skipped="0">
  <testcase classname="com.line.qatest.LoginTest" name="loginTest" time="13.757"/>
  <system-out/>
</testsuite> <!-- com.line.qatest.LoginTest -->
