<?xml version="1.0" encoding="UTF-8"?>
<!-- Generated by org.testng.reporters.JUnitReportReporter -->
<testsuite hostname="DESKTOP-T5HLTIE" failures="0" tests="1" name="com.test.actions.FlipkartTest" time="25.457" errors="0" timestamp="2021-04-04T03:38:14 IST" skipped="0">
  <testcase classname="com.test.actions.FlipkartTest" name="flipkart" time="25.457"/>
  <system-out/>
</testsuite> <!-- com.test.actions.FlipkartTest -->
