<?xml version="1.0" encoding="UTF-8"?>
<!-- Generated by org.testng.reporters.JUnitReportReporter -->
<testsuite hostname="WL-JC8T9C3" failures="0" tests="1" name="com.qa.AppTest" time="0.047" errors="0" timestamp="2021-12-22T11:48:56 IST" skipped="0">
  <testcase classname="com.qa.AppTest" name="login" time="0.047"/>
  <system-out/>
</testsuite> <!-- com.qa.AppTest -->
