<?xml version="1.0" encoding="UTF-8"?>
<!-- Generated by org.testng.reporters.JUnitReportReporter -->
<testsuite hostname="DESKTOP-T5HLTIE" failures="0" tests="1" name="com.test.actions.CalenderTest" time="26.907" errors="0" timestamp="2021-04-06T07:04:39 IST" skipped="0">
  <testcase classname="com.test.actions.CalenderTest" name="uiHandle" time="26.907"/>
  <system-out/>
</testsuite> <!-- com.test.actions.CalenderTest -->
