<?xml version="1.0" encoding="UTF-8"?>
<!-- Generated by org.testng.reporters.JUnitReportReporter -->
<testsuite hostname="DESKTOP-T5HLTIE" failures="0" tests="1" name="com.happyslearning.e2e.Guru99.telecom.pages.PayBillingPageTest" time="13.339" errors="0" timestamp="2022-01-29T18:56:25 IST" skipped="0">
  <testcase classname="com.happyslearning.e2e.Guru99.telecom.pages.PayBillingPageTest" name="payBillingPageTestMethod" time="13.339"/>
  <system-out/>
</testsuite> <!-- com.happyslearning.e2e.Guru99.telecom.pages.PayBillingPageTest -->
