<?xml version="1.0" encoding="UTF-8"?>
<!-- Generated by org.testng.reporters.JUnitReportReporter -->
<testsuite hostname="DESKTOP-T5HLTIE" failures="0" tests="1" name="com.test.actions.DragAndDropTest" time="10.153" errors="0" timestamp="2021-04-04T01:23:39 IST" skipped="0">
  <testcase classname="com.test.actions.DragAndDropTest" name="AmazonSignin" time="10.153"/>
  <system-out/>
</testsuite> <!-- com.test.actions.DragAndDropTest -->
