<?xml version="1.0" encoding="UTF-8"?>
<!-- Generated by org.testng.reporters.JUnitReportReporter -->
<testsuite hostname="DESKTOP-T5HLTIE" failures="0" tests="1" name="com.test.actions.WindowHandleTest" time="8.624" errors="0" timestamp="2021-04-01T03:38:41 IST" skipped="0">
  <testcase classname="com.test.actions.WindowHandleTest" name="windowAction" time="8.624"/>
  <system-out/>
</testsuite> <!-- com.test.actions.WindowHandleTest -->
