<?xml version="1.0" encoding="UTF-8"?>
<!-- Generated by org.testng.reporters.JUnitReportReporter -->
<testsuite hostname="DESKTOP-T5HLTIE" failures="0" tests="1" name="com.test.actions.ScrollWindow" time="18.170" errors="0" timestamp="2021-04-06T08:24:12 IST" skipped="0">
  <testcase classname="com.test.actions.ScrollWindow" name="scrollPageOrWindow" time="18.170"/>
  <system-out/>
</testsuite> <!-- com.test.actions.ScrollWindow -->
