<?xml version="1.0" encoding="UTF-8"?>
<!-- Generated by org.testng.reporters.JUnitReportReporter -->
<testsuite hostname="DESKTOP-T5HLTIE" failures="0" tests="1" name="com.test.actions.AmzanGetAllLinks" time="8.114" errors="0" timestamp="2021-04-04T02:06:46 IST" skipped="0">
  <testcase classname="com.test.actions.AmzanGetAllLinks" name="AmazonSignin" time="8.114"/>
  <system-out/>
</testsuite> <!-- com.test.actions.AmzanGetAllLinks -->
