<?xml version="1.0" encoding="UTF-8"?>
<!-- Generated by org.testng.reporters.JUnitReportReporter -->
<testsuite hostname="DESKTOP-T5HLTIE" failures="0" tests="1" name="com.test.actions.ScrollToSpecificLocation" time="10.857" errors="0" timestamp="2021-04-06T07:30:29 IST" skipped="0">
  <testcase classname="com.test.actions.ScrollToSpecificLocation" name="uiHandle" time="10.857"/>
  <system-out/>
</testsuite> <!-- com.test.actions.ScrollToSpecificLocation -->
