<?xml version="1.0" encoding="UTF-8"?>
<!-- Generated by org.testng.reporters.JUnitReportReporter -->
<testsuite hostname="DESKTOP-T5HLTIE" failures="0" tests="1" name="com.test.actions.GreenKartTest" time="29.950" errors="0" timestamp="2021-04-01T01:49:14 IST" skipped="0">
  <testcase classname="com.test.actions.GreenKartTest" name="addVegetabulesToCart" time="29.950"/>
  <system-out/>
</testsuite> <!-- com.test.actions.GreenKartTest -->
