<?xml version="1.0" encoding="UTF-8"?>
<!-- Generated by org.testng.reporters.JUnitReportReporter -->
<testsuite hostname="DESKTOP-T5HLTIE" failures="0" tests="1" name="com.test.actions.FramesTest" time="6.435" errors="0" timestamp="2021-04-04T01:50:30 IST" skipped="0">
  <testcase classname="com.test.actions.FramesTest" name="frames" time="6.435"/>
  <system-out/>
</testsuite> <!-- com.test.actions.FramesTest -->
