<?xml version="1.0" encoding="UTF-8"?>
<!-- Generated by org.testng.reporters.JUnitReportReporter -->
<testsuite hostname="WL-JC8T9C3" failures="0" tests="1" name="com.qa.scenarios.BankLoginTest" time="1.946" errors="0" timestamp="2021-12-24T00:41:38 IST" skipped="0">
  <testcase classname="com.qa.scenarios.BankLoginTest" name="bank" time="1.946"/>
  <system-out/>
</testsuite> <!-- com.qa.scenarios.BankLoginTest -->
