<?xml version="1.0" encoding="UTF-8"?>
<!-- Generated by org.testng.reporters.JUnitReportReporter -->
<testsuite hostname="WL-JC8T9C3" failures="0" tests="1" name="com.qa.scenarios.TC02" time="1.967" errors="0" timestamp="2021-12-24T00:35:53 IST" skipped="0">
  <testcase classname="com.qa.scenarios.TC02" name="bank" time="1.967"/>
  <system-out/>
</testsuite> <!-- com.qa.scenarios.TC02 -->
