<?xml version="1.0" encoding="UTF-8"?>
<!-- Generated by org.testng.reporters.JUnitReportReporter -->
<testsuite skipped="0" hostname="WL-JC8T9C3" name="parallel.ParallelRun" tests="4" failures="0" timestamp="18 Jan 2022 07:53:28 GMT" time="84.617" errors="0">
  <testcase name="runScenario" time="21.170" classname="parallel.ParallelRun"/>
  <testcase name="runScenario" time="21.724" classname="parallel.ParallelRun"/>
  <testcase name="runScenario" time="25.960" classname="parallel.ParallelRun"/>
  <testcase name="runScenario" time="15.763" classname="parallel.ParallelRun"/>
</testsuite> <!-- parallel.ParallelRun -->
